<?xml version="1.0" encoding="UTF-8"?>
<!-- Generated by org.testng.reporters.JUnitXMLReporter -->
<testsuite hostname="dell-PCg1" name="Default test" tests="18" failures="0" timestamp="13 Dec 2019 01:29:30 GMT" time="4.22" errors="0">
  <testcase name="test_case" time="1.541" classname="com.lemonban.base.testCase.All_Test_Case"/>
  <testcase name="test_case" time="0.445" classname="com.lemonban.base.testCase.All_Test_Case"/>
  <testcase name="test_case" time="0.08" classname="com.lemonban.base.testCase.All_Test_Case"/>
  <testcase name="test_case" time="0.083" classname="com.lemonban.base.testCase.All_Test_Case"/>
  <testcase name="test_case" time="0.078" classname="com.lemonban.base.testCase.All_Test_Case"/>
  <testcase name="test_case" time="0.074" classname="com.lemonban.base.testCase.All_Test_Case"/>
  <testcase name="test_case" time="0.079" classname="com.lemonban.base.testCase.All_Test_Case"/>
  <testcase name="test_case" time="0.388" classname="com.lemonban.base.testCase.All_Test_Case"/>
  <testcase name="test_case" time="0.089" classname="com.lemonban.base.testCase.All_Test_Case"/>
  <testcase name="test_case" time="0.086" classname="com.lemonban.base.testCase.All_Test_Case"/>
  <testcase name="test_case" time="0.075" classname="com.lemonban.base.testCase.All_Test_Case"/>
  <testcase name="test_case" time="0.08" classname="com.lemonban.base.testCase.All_Test_Case"/>
  <testcase name="test_case" time="0.082" classname="com.lemonban.base.testCase.All_Test_Case"/>
  <testcase name="test_case" time="0.081" classname="com.lemonban.base.testCase.All_Test_Case"/>
  <testcase name="test_case" time="0.082" classname="com.lemonban.base.testCase.All_Test_Case"/>
  <testcase name="test_case" time="0.088" classname="com.lemonban.base.testCase.All_Test_Case"/>
  <testcase name="test_case" time="0.079" classname="com.lemonban.base.testCase.All_Test_Case"/>
  <testcase name="test_case" time="0.084" classname="com.lemonban.base.testCase.All_Test_Case"/>
</testsuite> <!-- Default test -->
