<?xml version="1.0" encoding="UTF-8"?>
<!-- Generated by org.testng.reporters.JUnitXMLReporter -->
<testsuite hostname="李应龙的电脑" name="all-test" tests="1" failures="1" timestamp="28 May 2020 08:17:52 GMT" time="3.371" errors="0">
  <testcase name="test_case" time="2.045" classname="com.lemonban.base.testCase.All_Test_Case">
    <failure type="java.lang.AssertionError" message="expected [0] but found [0]">
      <![CDATA[java.lang.AssertionError: expected [0] but found [0]
	at com.lemonban.base.utils.AssertUtils.assertRespKeyInfo(AssertUtils.java:45)
	at com.lemonban.base.testCase.All_Test_Case.test_case(All_Test_Case.java:58)
... Removed 28 stack frames]]>
    </failure>
  </testcase> <!-- test_case -->
</testsuite> <!-- all-test -->
