<?xml version="1.0" encoding="UTF-8"?>
<testng-results skipped="0" failed="1" total="7" passed="6">
  <reporter-output>
  </reporter-output>
  <suite name="Default suite" duration-ms="1076" started-at="2019-12-27T03:40:03Z" finished-at="2019-12-27T03:40:04Z">
    <groups>
    </groups>
    <test name="Default test" duration-ms="1076" started-at="2019-12-27T03:40:03Z" finished-at="2019-12-27T03:40:04Z">
      <class name="com.lemonban.base.testCase.All_Test_Case">
        <test-method status="PASS" signature="beforeSuite()[pri:0, instance:com.lemonban.base.testCase.All_Test_Case@7bc1a03d]" name="beforeSuite" is-config="true" duration-ms="17" started-at="2019-12-27T11:40:03Z" finished-at="2019-12-27T11:40:03Z">
          <reporter-output>
          </reporter-output>
        </test-method> <!-- beforeSuite -->
        <test-method status="FAIL" signature="test_case(com.lemonban.base.pojo.ApiCaseDetail)[pri:0, instance:com.lemonban.base.testCase.All_Test_Case@7bc1a03d]" name="test_case" duration-ms="502" started-at="2019-12-27T11:40:04Z" data-provider="getData" finished-at="2019-12-27T11:40:04Z">
          <params>
            <param index="0">
              <value>
                <![CDATA[ApiCaseDetail [caseId=login_case_1, apiId=api_login, requestData={"userName":"liyinglong","password","111111"}, actualResp=, expectedRespKeyInfo=[{"jsonPath":"$.data.code","expected":"200"},{"jsonPath":"$.data.message","expected":"µÇÂ¼³É¹¦"}], extractRespData=, apiInfo=ApiInfo [apiId=api_login, apiName=µÇÂ¼, url=http://mgt.myhwdztest.com/api/login, type=POST, headers=[{"name":"Host","value":"mgt.myhwdztest.com"},{"name":"Connection","value":"keep-alive"},{"name":"Cache-Control","value":"no-cache"},{"name":"Origin","value":"http://mgt.myhwdztest.com"},{"name":"Accept-Encoding","value":"gzip, deflate"},{"name":"Referer","value":"http://mgt.myhwdztest.com/"},{"name":"User-Agent","value":"Mozilla/5.0 (Windows NT 6.1; Win64; x64) AppleWebKit/537.36 (KHTML, like Gecko) Chrome/77.0.3865.120 Safari/537.36"},{"name":"Content-Type","value":"application/x-www-form-urlencoded; charset=UTF-8"},{"name":"Accept","value":" */*"},{"name":"Cookie","value":"_relogin_id_token=73|00024511-1BEF-4FBF-8B0B-D31DC6F8FF54|liyinglong; JSESSIONID=55B6499526184D210DFAF2747F3FAEE4; isMarket="}], auth=], beforeCheckerList=[SqlChecker [sqlId=login_sql_1, caseId=login_case_1, type=bf, sql=SELECT COUNT(user_name) FROM employee WHERE user_name = 'liyinglong' AND `password`='96e79218965eb72c92a549dd5a330112', expected=[{"COUNT(user_name)":1}], actual=, checkResult=]], afterCheckerList=[SqlChecker [sqlId=login_sql_2, caseId=login_case_1, type=af, sql=SELECT COUNT(user_name) FROM employee WHERE user_name = 'liyinglong' AND `password`='96e79218965eb72c92a549dd5a330112', expected=[{"COUNT(user_name)":1}], actual=, checkResult=]], getRowNo()=2]]]>
              </value>
            </param>
          </params>
          <exception class="java.lang.AssertionError">
            <message>
              <![CDATA[expected [200] but found [4003]]]>
            </message>
            <full-stacktrace>
              <![CDATA[java.lang.AssertionError: expected [200] but found [4003]
	at org.testng.Assert.fail(Assert.java:94)
	at org.testng.Assert.failNotEquals(Assert.java:494)
	at org.testng.Assert.assertEquals(Assert.java:123)
	at org.testng.Assert.assertEquals(Assert.java:165)
	at com.lemonban.base.utils.AssertUtils.assertRespKeyInfo(AssertUtils.java:45)
	at com.lemonban.base.testCase.All_Test_Case.test_case(All_Test_Case.java:56)
	at sun.reflect.NativeMethodAccessorImpl.invoke0(Native Method)
	at sun.reflect.NativeMethodAccessorImpl.invoke(Unknown Source)
	at sun.reflect.DelegatingMethodAccessorImpl.invoke(Unknown Source)
	at java.lang.reflect.Method.invoke(Unknown Source)
	at org.testng.internal.MethodInvocationHelper.invokeMethod(MethodInvocationHelper.java:84)
	at org.testng.internal.Invoker.invokeMethod(Invoker.java:714)
	at org.testng.internal.Invoker.invokeTestMethod(Invoker.java:901)
	at org.testng.internal.Invoker.invokeTestMethods(Invoker.java:1231)
	at org.testng.internal.TestMethodWorker.invokeTestMethods(TestMethodWorker.java:127)
	at org.testng.internal.TestMethodWorker.run(TestMethodWorker.java:111)
	at org.testng.TestRunner.privateRun(TestRunner.java:767)
	at org.testng.TestRunner.run(TestRunner.java:617)
	at org.testng.SuiteRunner.runTest(SuiteRunner.java:348)
	at org.testng.SuiteRunner.runSequentially(SuiteRunner.java:343)
	at org.testng.SuiteRunner.privateRun(SuiteRunner.java:305)
	at org.testng.SuiteRunner.run(SuiteRunner.java:254)
	at org.testng.SuiteRunnerWorker.runSuite(SuiteRunnerWorker.java:52)
	at org.testng.SuiteRunnerWorker.run(SuiteRunnerWorker.java:86)
	at org.testng.TestNG.runSuitesSequentially(TestNG.java:1224)
	at org.testng.TestNG.runSuitesLocally(TestNG.java:1149)
	at org.testng.TestNG.run(TestNG.java:1057)
	at org.testng.remote.RemoteTestNG.run(RemoteTestNG.java:111)
	at org.testng.remote.RemoteTestNG.initAndRun(RemoteTestNG.java:204)
	at org.testng.remote.RemoteTestNG.main(RemoteTestNG.java:175)
]]>
            </full-stacktrace>
          </exception> <!-- java.lang.AssertionError -->
          <reporter-output>
          </reporter-output>
        </test-method> <!-- test_case -->
        <test-method status="PASS" signature="test_case(com.lemonban.base.pojo.ApiCaseDetail)[pri:0, instance:com.lemonban.base.testCase.All_Test_Case@7bc1a03d]" name="test_case" duration-ms="11" started-at="2019-12-27T11:40:04Z" data-provider="getData" finished-at="2019-12-27T11:40:04Z">
          <params>
            <param index="0">
              <value>
                <![CDATA[ApiCaseDetail [caseId=login_case_2, apiId=api_login, requestData={"userName":"","password",""}, actualResp=, expectedRespKeyInfo=, extractRespData=, apiInfo=ApiInfo [apiId=api_login, apiName=µÇÂ¼, url=http://mgt.myhwdztest.com/api/login, type=POST, headers=[{"name":"Host","value":"mgt.myhwdztest.com"},{"name":"Connection","value":"keep-alive"},{"name":"Cache-Control","value":"no-cache"},{"name":"Origin","value":"http://mgt.myhwdztest.com"},{"name":"Accept-Encoding","value":"gzip, deflate"},{"name":"Referer","value":"http://mgt.myhwdztest.com/"},{"name":"User-Agent","value":"Mozilla/5.0 (Windows NT 6.1; Win64; x64) AppleWebKit/537.36 (KHTML, like Gecko) Chrome/77.0.3865.120 Safari/537.36"},{"name":"Content-Type","value":"application/x-www-form-urlencoded; charset=UTF-8"},{"name":"Accept","value":" */*"},{"name":"Cookie","value":"_relogin_id_token=73|00024511-1BEF-4FBF-8B0B-D31DC6F8FF54|liyinglong; JSESSIONID=55B6499526184D210DFAF2747F3FAEE4; isMarket="}], auth=], beforeCheckerList=null, afterCheckerList=null, getRowNo()=3]]]>
              </value>
            </param>
          </params>
          <reporter-output>
          </reporter-output>
        </test-method> <!-- test_case -->
        <test-method status="PASS" signature="test_case(com.lemonban.base.pojo.ApiCaseDetail)[pri:0, instance:com.lemonban.base.testCase.All_Test_Case@7bc1a03d]" name="test_case" duration-ms="9" started-at="2019-12-27T11:40:04Z" data-provider="getData" finished-at="2019-12-27T11:40:04Z">
          <params>
            <param index="0">
              <value>
                <![CDATA[ApiCaseDetail [caseId=login_case_3, apiId=api_login, requestData={"userName":"","password","111111"}, actualResp=, expectedRespKeyInfo=, extractRespData=, apiInfo=ApiInfo [apiId=api_login, apiName=µÇÂ¼, url=http://mgt.myhwdztest.com/api/login, type=POST, headers=[{"name":"Host","value":"mgt.myhwdztest.com"},{"name":"Connection","value":"keep-alive"},{"name":"Cache-Control","value":"no-cache"},{"name":"Origin","value":"http://mgt.myhwdztest.com"},{"name":"Accept-Encoding","value":"gzip, deflate"},{"name":"Referer","value":"http://mgt.myhwdztest.com/"},{"name":"User-Agent","value":"Mozilla/5.0 (Windows NT 6.1; Win64; x64) AppleWebKit/537.36 (KHTML, like Gecko) Chrome/77.0.3865.120 Safari/537.36"},{"name":"Content-Type","value":"application/x-www-form-urlencoded; charset=UTF-8"},{"name":"Accept","value":" */*"},{"name":"Cookie","value":"_relogin_id_token=73|00024511-1BEF-4FBF-8B0B-D31DC6F8FF54|liyinglong; JSESSIONID=55B6499526184D210DFAF2747F3FAEE4; isMarket="}], auth=], beforeCheckerList=null, afterCheckerList=null, getRowNo()=4]]]>
              </value>
            </param>
          </params>
          <reporter-output>
          </reporter-output>
        </test-method> <!-- test_case -->
        <test-method status="PASS" signature="test_case(com.lemonban.base.pojo.ApiCaseDetail)[pri:0, instance:com.lemonban.base.testCase.All_Test_Case@7bc1a03d]" name="test_case" duration-ms="9" started-at="2019-12-27T11:40:04Z" data-provider="getData" finished-at="2019-12-27T11:40:04Z">
          <params>
            <param index="0">
              <value>
                <![CDATA[ApiCaseDetail [caseId=login_case_4, apiId=api_login, requestData={"userName":"liyinglong","password",""}, actualResp=, expectedRespKeyInfo=, extractRespData=, apiInfo=ApiInfo [apiId=api_login, apiName=µÇÂ¼, url=http://mgt.myhwdztest.com/api/login, type=POST, headers=[{"name":"Host","value":"mgt.myhwdztest.com"},{"name":"Connection","value":"keep-alive"},{"name":"Cache-Control","value":"no-cache"},{"name":"Origin","value":"http://mgt.myhwdztest.com"},{"name":"Accept-Encoding","value":"gzip, deflate"},{"name":"Referer","value":"http://mgt.myhwdztest.com/"},{"name":"User-Agent","value":"Mozilla/5.0 (Windows NT 6.1; Win64; x64) AppleWebKit/537.36 (KHTML, like Gecko) Chrome/77.0.3865.120 Safari/537.36"},{"name":"Content-Type","value":"application/x-www-form-urlencoded; charset=UTF-8"},{"name":"Accept","value":" */*"},{"name":"Cookie","value":"_relogin_id_token=73|00024511-1BEF-4FBF-8B0B-D31DC6F8FF54|liyinglong; JSESSIONID=55B6499526184D210DFAF2747F3FAEE4; isMarket="}], auth=], beforeCheckerList=null, afterCheckerList=null, getRowNo()=5]]]>
              </value>
            </param>
          </params>
          <reporter-output>
          </reporter-output>
        </test-method> <!-- test_case -->
        <test-method status="PASS" signature="test_case(com.lemonban.base.pojo.ApiCaseDetail)[pri:0, instance:com.lemonban.base.testCase.All_Test_Case@7bc1a03d]" name="test_case" duration-ms="9" started-at="2019-12-27T11:40:04Z" data-provider="getData" finished-at="2019-12-27T11:40:04Z">
          <params>
            <param index="0">
              <value>
                <![CDATA[ApiCaseDetail [caseId=login_case_5, apiId=api_login, requestData={"userName":"liyinglong1","password","111113"}, actualResp=, expectedRespKeyInfo=, extractRespData=, apiInfo=ApiInfo [apiId=api_login, apiName=µÇÂ¼, url=http://mgt.myhwdztest.com/api/login, type=POST, headers=[{"name":"Host","value":"mgt.myhwdztest.com"},{"name":"Connection","value":"keep-alive"},{"name":"Cache-Control","value":"no-cache"},{"name":"Origin","value":"http://mgt.myhwdztest.com"},{"name":"Accept-Encoding","value":"gzip, deflate"},{"name":"Referer","value":"http://mgt.myhwdztest.com/"},{"name":"User-Agent","value":"Mozilla/5.0 (Windows NT 6.1; Win64; x64) AppleWebKit/537.36 (KHTML, like Gecko) Chrome/77.0.3865.120 Safari/537.36"},{"name":"Content-Type","value":"application/x-www-form-urlencoded; charset=UTF-8"},{"name":"Accept","value":" */*"},{"name":"Cookie","value":"_relogin_id_token=73|00024511-1BEF-4FBF-8B0B-D31DC6F8FF54|liyinglong; JSESSIONID=55B6499526184D210DFAF2747F3FAEE4; isMarket="}], auth=], beforeCheckerList=null, afterCheckerList=null, getRowNo()=6]]]>
              </value>
            </param>
          </params>
          <reporter-output>
          </reporter-output>
        </test-method> <!-- test_case -->
        <test-method status="PASS" signature="test_case(com.lemonban.base.pojo.ApiCaseDetail)[pri:0, instance:com.lemonban.base.testCase.All_Test_Case@7bc1a03d]" name="test_case" duration-ms="8" started-at="2019-12-27T11:40:04Z" data-provider="getData" finished-at="2019-12-27T11:40:04Z">
          <params>
            <param index="0">
              <value>
                <![CDATA[ApiCaseDetail [caseId=login_case_6, apiId=api_login, requestData={"userName":"liyinglong","password","111114"}, actualResp=, expectedRespKeyInfo=, extractRespData=, apiInfo=ApiInfo [apiId=api_login, apiName=µÇÂ¼, url=http://mgt.myhwdztest.com/api/login, type=POST, headers=[{"name":"Host","value":"mgt.myhwdztest.com"},{"name":"Connection","value":"keep-alive"},{"name":"Cache-Control","value":"no-cache"},{"name":"Origin","value":"http://mgt.myhwdztest.com"},{"name":"Accept-Encoding","value":"gzip, deflate"},{"name":"Referer","value":"http://mgt.myhwdztest.com/"},{"name":"User-Agent","value":"Mozilla/5.0 (Windows NT 6.1; Win64; x64) AppleWebKit/537.36 (KHTML, like Gecko) Chrome/77.0.3865.120 Safari/537.36"},{"name":"Content-Type","value":"application/x-www-form-urlencoded; charset=UTF-8"},{"name":"Accept","value":" */*"},{"name":"Cookie","value":"_relogin_id_token=73|00024511-1BEF-4FBF-8B0B-D31DC6F8FF54|liyinglong; JSESSIONID=55B6499526184D210DFAF2747F3FAEE4; isMarket="}], auth=], beforeCheckerList=null, afterCheckerList=null, getRowNo()=7]]]>
              </value>
            </param>
          </params>
          <reporter-output>
          </reporter-output>
        </test-method> <!-- test_case -->
        <test-method status="PASS" signature="test_case(com.lemonban.base.pojo.ApiCaseDetail)[pri:0, instance:com.lemonban.base.testCase.All_Test_Case@7bc1a03d]" name="test_case" duration-ms="11" started-at="2019-12-27T11:40:04Z" data-provider="getData" finished-at="2019-12-27T11:40:04Z">
          <params>
            <param index="0">
              <value>
                <![CDATA[ApiCaseDetail [caseId=login_case_7, apiId=api_login, requestData={"userName":"liyinglong1","password","111111"}, actualResp=, expectedRespKeyInfo=, extractRespData=, apiInfo=ApiInfo [apiId=api_login, apiName=µÇÂ¼, url=http://mgt.myhwdztest.com/api/login, type=POST, headers=[{"name":"Host","value":"mgt.myhwdztest.com"},{"name":"Connection","value":"keep-alive"},{"name":"Cache-Control","value":"no-cache"},{"name":"Origin","value":"http://mgt.myhwdztest.com"},{"name":"Accept-Encoding","value":"gzip, deflate"},{"name":"Referer","value":"http://mgt.myhwdztest.com/"},{"name":"User-Agent","value":"Mozilla/5.0 (Windows NT 6.1; Win64; x64) AppleWebKit/537.36 (KHTML, like Gecko) Chrome/77.0.3865.120 Safari/537.36"},{"name":"Content-Type","value":"application/x-www-form-urlencoded; charset=UTF-8"},{"name":"Accept","value":" */*"},{"name":"Cookie","value":"_relogin_id_token=73|00024511-1BEF-4FBF-8B0B-D31DC6F8FF54|liyinglong; JSESSIONID=55B6499526184D210DFAF2747F3FAEE4; isMarket="}], auth=], beforeCheckerList=null, afterCheckerList=null, getRowNo()=8]]]>
              </value>
            </param>
          </params>
          <reporter-output>
          </reporter-output>
        </test-method> <!-- test_case -->
        <test-method status="PASS" signature="afterSuite()[pri:0, instance:com.lemonban.base.testCase.All_Test_Case@7bc1a03d]" name="afterSuite" is-config="true" duration-ms="163" started-at="2019-12-27T11:40:04Z" finished-at="2019-12-27T11:40:04Z">
          <reporter-output>
          </reporter-output>
        </test-method> <!-- afterSuite -->
      </class> <!-- com.lemonban.base.testCase.All_Test_Case -->
    </test> <!-- Default test -->
  </suite> <!-- Default suite -->
</testng-results>
